<?xml version="1.0" encoding="UTF-8" ?>
<testsuites name="vitest tests" tests="1" failures="0" errors="0" time="1.042">
    <testsuite name="__tests__/health.test.ts" timestamp="2025-09-19T17:36:11.143Z" hostname="runnervmf4ws1" tests="1" failures="0" errors="0" skipped="0" time="0.021">
        <testcase classname="__tests__/health.test.ts" name="health endpoint &gt; returns ok" time="0.018">
        </testcase>
    </testsuite>
</testsuites>
